[    0.000000] Linux version 4.15.0-112-generic (buildd@lcy01-amd64-027) (gcc version 7.5.0 (Ubuntu 7.5.0-3ubuntu1~18.04)) #113-Ubuntu SMP Thu Jul 9 23:41:39 UTC 2020 (Ubuntu 4.15.0-112.113-generic 4.15.18)
[    0.000000] Command line: BOOT_IMAGE=/boot/vmlinuz-4.15.0-112-generic root=LABEL=cloudimg-rootfs ro console=tty1 console=ttyS0
[    0.000000] KERNEL supported cpus:
[    0.000000]   Intel GenuineIntel
[    0.000000]   AMD AuthenticAMD
[    0.000000]   Centaur CentaurHauls
[    0.000000] x86/fpu: Supporting XSAVE feature 0x001: 'x87 floating point registers'
[    0.000000] x86/fpu: Supporting XSAVE feature 0x002: 'SSE registers'
[    0.000000] x86/fpu: Supporting XSAVE feature 0x004: 'AVX registers'
[    0.000000] x86/fpu: xstate_offset[2]:  576, xstate_sizes[2]:  256
[    0.000000] x86/fpu: Enabled xstate features 0x7, context size is 832 bytes, using 'standard' format.
[    0.000000] e820: BIOS-provided physical RAM map:
[    0.000000] BIOS-e820: [mem 0x0000000000000000-0x000000000009fbff] usable
[    0.000000] BIOS-e820: [mem 0x000000000009fc00-0x000000000009ffff] reserved
[    0.000000] BIOS-e820: [mem 0x00000000000f0000-0x00000000000fffff] reserved
[    0.000000] BIOS-e820: [mem 0x0000000000100000-0x000000003ffeffff] usable
[    0.000000] BIOS-e820: [mem 0x000000003fff0000-0x000000003fffffff] ACPI data
[    0.000000] BIOS-e820: [mem 0x00000000fec00000-0x00000000fec00fff] reserved
[    0.000000] BIOS-e820: [mem 0x00000000fee00000-0x00000000fee00fff] reserved
[    0.000000] BIOS-e820: [mem 0x00000000fffc0000-0x00000000ffffffff] reserved
[    0.000000] NX (Execute Disable) protection: active
[    0.000000] SMBIOS 2.5 present.
[    0.000000] DMI: innotek GmbH VirtualBox/VirtualBox, BIOS VirtualBox 12/01/2006
[    0.000000] Hypervisor detected: KVM
[    0.000000] e820: last_pfn = 0x3fff0 max_arch_pfn = 0x400000000
[    0.000000] MTRR: Disabled
[    0.000000] x86/PAT: MTRRs disabled, skipping PAT initialization too.
[    0.000000] CPU MTRRs all blank - virtualized system.
[    0.000000] x86/PAT: Configuration [0-7]: WB  WT  UC- UC  WB  WT  UC- UC  
[    0.000000] found SMP MP-table at [mem 0x0009fff0-0x0009ffff]
[    0.000000] Scanning 1 areas for low memory corruption
[    0.000000] RAMDISK: [mem 0x35a6b000-0x36d2cfff]
[    0.000000] ACPI: Early table checksum verification disabled
[    0.000000] ACPI: RSDP 0x00000000000E0000 000024 (v02 VBOX  )
[    0.000000] ACPI: XSDT 0x000000003FFF0030 00003C (v01 VBOX   VBOXXSDT 00000001 ASL  00000061)
[    0.000000] ACPI: FACP 0x000000003FFF00F0 0000F4 (v04 VBOX   VBOXFACP 00000001 ASL  00000061)
[    0.000000] ACPI: DSDT 0x000000003FFF0470 002325 (v02 VBOX   VBOXBIOS 00000002 INTL 20100528)
[    0.000000] ACPI: FACS 0x000000003FFF0200 000040
[    0.000000] ACPI: FACS 0x000000003FFF0200 000040
[    0.000000] ACPI: APIC 0x000000003FFF0240 00005C (v02 VBOX   VBOXAPIC 00000001 ASL  00000061)
[    0.000000] ACPI: SSDT 0x000000003FFF02A0 0001CC (v01 VBOX   VBOXCPUT 00000002 INTL 20100528)
[    0.000000] No NUMA configuration found
[    0.000000] Faking a node at [mem 0x0000000000000000-0x000000003ffeffff]
[    0.000000] NODE_DATA(0) allocated [mem 0x3ffc5000-0x3ffeffff]
[    0.000000] kvm-clock: cpu 0, msr 0:3ff44001, primary cpu clock
[    0.000000] kvm-clock: Using msrs 4b564d01 and 4b564d00
[    0.000000] kvm-clock: using sched offset of 6376268385 cycles
[    0.000000] clocksource: kvm-clock: mask: 0xffffffffffffffff max_cycles: 0x1cd42e4dffb, max_idle_ns: 881590591483 ns
[    0.000000] Zone ranges:
[    0.000000]   DMA      [mem 0x0000000000001000-0x0000000000ffffff]
[    0.000000]   DMA32    [mem 0x0000000001000000-0x000000003ffeffff]
[    0.000000]   Normal   empty
[    0.000000]   Device   empty
[    0.000000] Movable zone start for each node
[    0.000000] Early memory node ranges
[    0.000000]   node   0: [mem 0x0000000000001000-0x000000000009efff]
[    0.000000]   node   0: [mem 0x0000000000100000-0x000000003ffeffff]
[    0.000000] Reserved but unavailable: 98 pages
[    0.000000] Initmem setup node 0 [mem 0x0000000000001000-0x000000003ffeffff]
[    0.000000] ACPI: PM-Timer IO Port: 0x4008
[    0.000000] IOAPIC[0]: apic_id 2, version 32, address 0xfec00000, GSI 0-23
[    0.000000] ACPI: INT_SRC_OVR (bus 0 bus_irq 0 global_irq 2 dfl dfl)
[    0.000000] ACPI: INT_SRC_OVR (bus 0 bus_irq 9 global_irq 9 low level)
[    0.000000] Using ACPI (MADT) for SMP configuration information
[    0.000000] smpboot: Allowing 2 CPUs, 0 hotplug CPUs
[    0.000000] PM: Registered nosave memory: [mem 0x00000000-0x00000fff]
[    0.000000] PM: Registered nosave memory: [mem 0x0009f000-0x0009ffff]
[    0.000000] PM: Registered nosave memory: [mem 0x000a0000-0x000effff]
[    0.000000] PM: Registered nosave memory: [mem 0x000f0000-0x000fffff]
[    0.000000] e820: [mem 0x40000000-0xfebfffff] available for PCI devices
[    0.000000] Booting paravirtualized kernel on KVM
[    0.000000] clocksource: refined-jiffies: mask: 0xffffffff max_cycles: 0xffffffff, max_idle_ns: 7645519600211568 ns
[    0.000000] random: get_random_bytes called from start_kernel+0x99/0x500 with crng_init=0
[    0.000000] setup_percpu: NR_CPUS:8192 nr_cpumask_bits:2 nr_cpu_ids:2 nr_node_ids:1
[    0.000000] percpu: Embedded 45 pages/cpu s147456 r8192 d28672 u1048576
[    0.000000] PV qspinlock hash table entries: 256 (order: 0, 4096 bytes)
[    0.000000] Built 1 zonelists, mobility grouping on.  Total pages: 257913
[    0.000000] Policy zone: DMA32
[    0.000000] Kernel command line: BOOT_IMAGE=/boot/vmlinuz-4.15.0-112-generic root=LABEL=cloudimg-rootfs ro console=tty1 console=ttyS0
[    0.000000] Memory: 983044K/1048120K available (12300K kernel code, 2481K rwdata, 4272K rodata, 2436K init, 2720K bss, 65076K reserved, 0K cma-reserved)
[    0.000000] SLUB: HWalign=64, Order=0-3, MinObjects=0, CPUs=2, Nodes=1
[    0.000000] Kernel/User page tables isolation: enabled
[    0.000000] ftrace: allocating 39378 entries in 154 pages
[    0.004000] Hierarchical RCU implementation.
[    0.004000] 	RCU restricting CPUs from NR_CPUS=8192 to nr_cpu_ids=2.
[    0.004000] 	Tasks RCU enabled.
[    0.004000] RCU: Adjusting geometry for rcu_fanout_leaf=16, nr_cpu_ids=2
[    0.004000] NR_IRQS: 524544, nr_irqs: 440, preallocated irqs: 16
[    0.004000] Console: colour VGA+ 80x25
[    0.004000] console [tty1] enabled
[    0.004000] console [ttyS0] enabled
[    0.004000] ACPI: Core revision 20170831
[    0.004000] ACPI: 2 ACPI AML tables successfully acquired and loaded
[    0.004000] APIC: Switch to symmetric I/O mode setup
[    0.004000] x2apic enabled
[    0.004000] Switched APIC routing to physical x2apic.
[    0.006049] ..TIMER: vector=0x30 apic1=0 pin1=2 apic2=-1 pin2=-1
[    0.008004] tsc: Detected 1800.001 MHz processor
[    0.009907] Calibrating delay loop (skipped) preset value.. 3600.00 BogoMIPS (lpj=7200004)
[    0.012008] pid_max: default: 32768 minimum: 301
[    0.013610] Security Framework initialized
[    0.016011] Yama: becoming mindful.
[    0.017172] AppArmor: AppArmor initialized
[    0.024099] Dentry cache hash table entries: 131072 (order: 8, 1048576 bytes)
[    0.026530] Inode-cache hash table entries: 65536 (order: 7, 524288 bytes)
[    0.028034] Mount-cache hash table entries: 2048 (order: 2, 16384 bytes)
[    0.030336] Mountpoint-cache hash table entries: 2048 (order: 2, 16384 bytes)
[    0.032385] Last level iTLB entries: 4KB 64, 2MB 8, 4MB 8
[    0.034204] Last level dTLB entries: 4KB 64, 2MB 0, 4MB 0, 1GB 4
[    0.036006] Spectre V1 : Mitigation: usercopy/swapgs barriers and __user pointer sanitization
[    0.040005] Spectre V2 : Mitigation: Full generic retpoline
[    0.042193] Spectre V2 : Spectre v2 / SpectreRSB mitigation: Filling RSB on context switch
[    0.044005] Speculative Store Bypass: Vulnerable
[    0.045794] SRBDS: Unknown: Dependent on hypervisor status
[    0.048003] MDS: Mitigation: Clear CPU buffers
[    0.052274] Freeing SMP alternatives memory: 36K
[    0.164608] smpboot: CPU0: Intel(R) Core(TM) i5-8250U CPU @ 1.60GHz (family: 0x6, model: 0x8e, stepping: 0xa)
[    0.168125] Performance Events: unsupported p6 CPU model 142 no PMU driver, software events only.
[    0.171716] Hierarchical SRCU implementation.
[    0.173099] NMI watchdog: Perf event create on CPU 0 failed with -2
[    0.176009] NMI watchdog: Perf NMI watchdog permanently disabled
[    0.180093] smp: Bringing up secondary CPUs ...
[    0.182078] x86: Booting SMP configuration:
[    0.184005] .... node  #0, CPUs:      #1
[    0.004000] kvm-clock: cpu 1, msr 0:3ff44041, secondary cpu clock
[    0.190925] smp: Brought up 1 node, 2 CPUs
[    0.192014] smpboot: Max logical packages: 1
[    0.196010] smpboot: Total of 2 processors activated (7200.00 BogoMIPS)
[    0.198767] devtmpfs: initialized
[    0.200171] x86/mm: Memory block size: 128MB
[    0.202198] evm: security.selinux
[    0.203790] evm: security.SMACK64
[    0.204009] evm: security.SMACK64EXEC
[    0.205488] evm: security.SMACK64TRANSMUTE
[    0.208008] evm: security.SMACK64MMAP
[    0.209567] evm: security.apparmor
[    0.212006] evm: security.ima
[    0.213360] evm: security.capability
[    0.216178] clocksource: jiffies: mask: 0xffffffff max_cycles: 0xffffffff, max_idle_ns: 7645041785100000 ns
[    0.220057] futex hash table entries: 512 (order: 3, 32768 bytes)
[    0.228000] pinctrl core: initialized pinctrl subsystem
[    0.228193] RTC time: 11:54:24, date: 08/18/20
[    0.232301] NET: Registered protocol family 16
[    0.236205] audit: initializing netlink subsys (disabled)
[    0.240085] audit: type=2000 audit(1597751672.962:1): state=initialized audit_enabled=0 res=1
[    0.244026] cpuidle: using governor ladder
[    0.246101] cpuidle: using governor menu
[    0.248110] ACPI: bus type PCI registered
[    0.252006] acpiphp: ACPI Hot Plug PCI Controller Driver version: 0.5
[    0.254667] PCI: Using configuration type 1 for base access
[    0.257752] HugeTLB registered 2.00 MiB page size, pre-allocated 0 pages
[    0.260159] ACPI: Added _OSI(Module Device)
[    0.264015] ACPI: Added _OSI(Processor Device)
[    0.265766] ACPI: Added _OSI(3.0 _SCP Extensions)
[    0.268010] ACPI: Added _OSI(Processor Aggregator Device)
[    0.270371] ACPI: Added _OSI(Linux-Dell-Video)
[    0.272038] ACPI: Added _OSI(Linux-Lenovo-NV-HDMI-Audio)
[    0.274024] ACPI: Added _OSI(Linux-HPI-Hybrid-Graphics)
[    0.276731] ACPI: Executed 1 blocks of module-level executable AML code
[    0.289352] ACPI: Interpreter enabled
[    0.290879] ACPI: (supports S0 S5)
[    0.292011] ACPI: Using IOAPIC for interrupt routing
[    0.294613] PCI: Using host bridge windows from ACPI; if necessary, use "pci=nocrs" and report a bug
[    0.296401] ACPI: Enabled 2 GPEs in block 00 to 07
[    0.318592] ACPI: PCI Root Bridge [PCI0] (domain 0000 [bus 00-ff])
[    0.320028] acpi PNP0A03:00: _OSC: OS supports [ASPM ClockPM Segments MSI]
[    0.325465] acpi PNP0A03:00: _OSC: not requesting OS control; OS requires [ExtendedConfig ASPM ClockPM MSI]
[    0.328039] acpi PNP0A03:00: fail to add MMCONFIG information, can't access extended PCI configuration space under this bridge.
[    0.333254] PCI host bridge to bus 0000:00
[    0.336016] pci_bus 0000:00: root bus resource [io  0x0000-0x0cf7 window]
[    0.339506] pci_bus 0000:00: root bus resource [io  0x0d00-0xffff window]
[    0.340014] pci_bus 0000:00: root bus resource [mem 0x000a0000-0x000bffff window]
[    0.344014] pci_bus 0000:00: root bus resource [mem 0x40000000-0xfdffffff window]
[    0.348015] pci_bus 0000:00: root bus resource [bus 00-ff]
[    0.358781] pci 0000:00:01.1: legacy IDE quirk: reg 0x10: [io  0x01f0-0x01f7]
[    0.360013] pci 0000:00:01.1: legacy IDE quirk: reg 0x14: [io  0x03f6]
[    0.364015] pci 0000:00:01.1: legacy IDE quirk: reg 0x18: [io  0x0170-0x0177]
[    0.368016] pci 0000:00:01.1: legacy IDE quirk: reg 0x1c: [io  0x0376]
[    0.404887] pci 0000:00:07.0: quirk: [io  0x4000-0x403f] claimed by PIIX4 ACPI
[    0.407496] pci 0000:00:07.0: quirk: [io  0x4100-0x410f] claimed by PIIX4 SMB
[    0.422740] ACPI: PCI Interrupt Link [LNKA] (IRQs 5 9 10 *11)
[    0.424615] ACPI: PCI Interrupt Link [LNKB] (IRQs 5 9 *10 11)
[    0.428106] ACPI: PCI Interrupt Link [LNKC] (IRQs 5 *9 10 11)
[    0.430447] ACPI: PCI Interrupt Link [LNKD] (IRQs 5 9 10 *11)
[    0.432793] SCSI subsystem initialized
[    0.434358] pci 0000:00:02.0: vgaarb: setting as boot VGA device
[    0.434358] pci 0000:00:02.0: vgaarb: VGA device added: decodes=io+mem,owns=io+mem,locks=none
[    0.436013] pci 0000:00:02.0: vgaarb: bridge control possible
[    0.437941] vgaarb: loaded
[    0.439026] ACPI: bus type USB registered
[    0.440072] usbcore: registered new interface driver usbfs
[    0.442004] usbcore: registered new interface driver hub
[    0.444041] usbcore: registered new device driver usb
[    0.445905] EDAC MC: Ver: 3.0.0
[    0.448158] PCI: Using ACPI for IRQ routing
[    0.449994] NetLabel: Initializing
[    0.451231] NetLabel:  domain hash size = 128
[    0.452006] NetLabel:  protocols = UNLABELED CIPSOv4 CALIPSO
[    0.454014] NetLabel:  unlabeled traffic allowed by default
[    0.456124] clocksource: Switched to clocksource kvm-clock
[    0.495289] VFS: Disk quotas dquot_6.6.0
[    0.496938] VFS: Dquot-cache hash table entries: 512 (order 0, 4096 bytes)
[    0.499720] AppArmor: AppArmor Filesystem Enabled
[    0.501536] pnp: PnP ACPI init
[    0.504454] pnp: PnP ACPI: found 3 devices
[    0.519017] clocksource: acpi_pm: mask: 0xffffff max_cycles: 0xffffff, max_idle_ns: 2085701024 ns
[    0.522161] NET: Registered protocol family 2
[    0.523849] TCP established hash table entries: 8192 (order: 4, 65536 bytes)
[    0.530514] TCP bind hash table entries: 8192 (order: 5, 131072 bytes)
[    0.532472] TCP: Hash tables configured (established 8192 bind 8192)
[    0.534438] UDP hash table entries: 512 (order: 2, 16384 bytes)
[    0.536195] UDP-Lite hash table entries: 512 (order: 2, 16384 bytes)
[    0.538169] NET: Registered protocol family 1
[    0.539587] pci 0000:00:00.0: Limiting direct PCI/PCI transfers
[    0.541454] pci 0000:00:01.0: Activating ISA DMA hang workarounds
[    0.543725] pci 0000:00:02.0: Video device with shadowed ROM at [mem 0x000c0000-0x000dffff]
[    0.547023] Unpacking initramfs...
[    1.059124] Freeing initrd memory: 19208K
[    1.060480] clocksource: tsc: mask: 0xffffffffffffffff max_cycles: 0x19f22aa45f0, max_idle_ns: 440795269146 ns
[    1.063516] platform rtc_cmos: registered platform RTC device (no PNP device found)
[    1.065900] Scanning for low memory corruption every 60 seconds
[    1.068863] Initialise system trusted keyrings
[    1.070246] Key type blacklist registered
[    1.071612] workingset: timestamp_bits=36 max_order=18 bucket_order=0
[    1.075002] zbud: loaded
[    1.076668] squashfs: version 4.0 (2009/01/31) Phillip Lougher
[    1.079513] fuse init (API version 7.26)
[    1.086245] Key type asymmetric registered
[    1.087574] Asymmetric key parser 'x509' registered
[    1.089111] Block layer SCSI generic (bsg) driver version 0.4 loaded (major 246)
[    1.091467] io scheduler noop registered
[    1.092782] io scheduler deadline registered
[    1.094720] io scheduler cfq registered (default)
[    1.097085] ACPI: AC Adapter [AC] (off-line)
[    1.098796] input: Power Button as /devices/LNXSYSTM:00/LNXPWRBN:00/input/input0
[    1.101140] ACPI: Power Button [PWRF]
[    1.102662] input: Sleep Button as /devices/LNXSYSTM:00/LNXSLPBN:00/input/input1
[    1.105221] ACPI: Sleep Button [SLPF]
[    1.108368] ACPI: Battery Slot [BAT0] (battery present)
[    1.110190] Serial: 8250/16550 driver, 32 ports, IRQ sharing enabled
[    1.133284] 00:02: ttyS0 at I/O 0x3f8 (irq = 4, base_baud = 115200) is a 16550A
[    1.144207] Linux agpgart interface v0.103
[    1.149986] loop: module loaded
[    1.152585] scsi host0: ata_piix
[    1.154630] scsi host1: ata_piix
[    1.156324] ata1: PATA max UDMA/33 cmd 0x1f0 ctl 0x3f6 bmdma 0xd000 irq 14
[    1.159330] ata2: PATA max UDMA/33 cmd 0x170 ctl 0x376 bmdma 0xd008 irq 15
[    1.163268] libphy: Fixed MDIO Bus: probed
[    1.165533] tun: Universal TUN/TAP device driver, 1.6
[    1.168428] PPP generic driver version 2.4.2
[    1.171122] ehci_hcd: USB 2.0 'Enhanced' Host Controller (EHCI) Driver
[    1.173986] ehci-pci: EHCI PCI platform driver
[    1.175981] ehci-platform: EHCI generic platform driver
[    1.178541] ohci_hcd: USB 1.1 'Open' Host Controller (OHCI) Driver
[    1.181465] ohci-pci: OHCI PCI platform driver
[    1.183508] ohci-platform: OHCI generic platform driver
[    1.188423] uhci_hcd: USB Universal Host Controller Interface driver
[    1.192266] i8042: PNP: PS/2 Controller [PNP0303:PS2K,PNP0f03:PS2M] at 0x60,0x64 irq 1,12
[    1.198729] serio: i8042 KBD port at 0x60,0x64 irq 1
[    1.201581] serio: i8042 AUX port at 0x60,0x64 irq 12
[    1.207996] mousedev: PS/2 mouse device common for all mice
[    1.212337] rtc_cmos rtc_cmos: rtc core: registered rtc_cmos as rtc0
[    1.215907] input: AT Translated Set 2 keyboard as /devices/platform/i8042/serio0/input/input2
[    1.220952] rtc_cmos rtc_cmos: alarms up to one day, 114 bytes nvram
[    1.224558] i2c /dev entries driver
[    1.226924] device-mapper: uevent: version 1.0.3
[    1.229666] device-mapper: ioctl: 4.37.0-ioctl (2017-09-20) initialised: dm-devel@redhat.com
[    1.233398] ledtrig-cpu: registered to indicate activity on CPUs
[    1.237680] NET: Registered protocol family 10
[    1.250561] Segment Routing with IPv6
[    1.253237] NET: Registered protocol family 17
[    1.255785] Key type dns_resolver registered
[    1.259023] mce: Using 0 MCE banks
[    1.261048] RAS: Correctable Errors collector initialized.
[    1.264105] sched_clock: Marking stable (1264053217, 0)->(1596337617, -332284400)
[    1.269569] registered taskstats version 1
[    1.272015] Loading compiled-in X.509 certificates
[    1.280033] Loaded X.509 cert 'Build time autogenerated kernel key: 1d4b83cbc5f7a3cd7e4471a5cf69d65d9314bdf5'
[    1.285122] zswap: loaded using pool lzo/zbud
[    1.297222] Key type big_key registered
[    1.298968] Key type trusted registered
[    1.305180] Key type encrypted registered
[    1.307205] AppArmor: AppArmor sha1 policy hashing enabled
[    1.310353] ima: No TPM chip found, activating TPM-bypass! (rc=-19)
[    1.313627] ima: Allocated hash algorithm: sha1
[    1.315687] evm: HMAC attrs: 0x1
[    1.318129]   Magic number: 0:422:934
[    1.334729] rtc_cmos rtc_cmos: setting system clock to 2020-08-18 11:54:26 UTC (1597751666)
[    1.339642] BIOS EDD facility v0.16 2004-Jun-25, 0 devices found
[    1.343511] EDD information not available.
[    1.355461] Freeing unused kernel image memory: 2436K
[    1.380125] Write protecting the kernel read-only data: 20480k
[    1.388154] Freeing unused kernel image memory: 2008K
[    1.391413] Freeing unused kernel image memory: 1872K
[    1.418062] x86/mm: Checked W+X mappings: passed, no W+X pages found.
[    1.430502] x86/mm: Checking user space page tables
[    1.467013] x86/mm: Checked W+X mappings: passed, no W+X pages found.
Loading, please wait...
starting version 237
[    1.631667] Fusion MPT base driver 3.04.20
[    1.633547] Copyright (c) 1999-2008 LSI Corporation
[    1.693187] Fusion MPT SPI Host driver 3.04.20
[    1.693283] e1000: Intel(R) PRO/1000 Network Driver - version 7.3.21-k8-NAPI
[    1.699955] e1000: Copyright (c) 1999-2006 Intel Corporation.
[    1.709898] mptbase: ioc0: Initiating bringup
[    1.754717] AVX2 version of gcm_enc/dec engaged.
[    1.757594] AES CTR mode by8 optimization enabled
[    1.821024] ioc0: LSI53C1030 A0: Capabilities={Initiator}
[    1.907742] input: ImExPS/2 Generic Explorer Mouse as /devices/platform/i8042/serio1/input/input4
[    2.085165] scsi host2: ioc0: LSI53C1030 A0, FwRev=00000000h, Ports=1, MaxQ=256, IRQ=20
[    2.266268] scsi 2:0:0:0: Direct-Access     VBOX     HARDDISK         1.0  PQ: 0 ANSI: 5
[    2.304225] scsi target2:0:0: Beginning Domain Validation
[    2.324389] scsi target2:0:0: Domain Validation skipping write tests
[    2.330776] scsi target2:0:0: Ending Domain Validation
[    2.336850] scsi target2:0:0: asynchronous
[    2.342864] scsi 2:0:1:0: Direct-Access     VBOX     HARDDISK         1.0  PQ: 0 ANSI: 5
[    2.700194] scsi target2:0:1: Beginning Domain Validation
[    2.703692] random: fast init done
[    2.710117] scsi target2:0:1: Domain Validation skipping write tests
[    2.713179] scsi target2:0:1: Ending Domain Validation
[    2.716104] scsi target2:0:1: asynchronous
[    2.727389] sd 2:0:0:0: Attached scsi generic sg0 type 0
[    2.728847] random: systemd-udevd: uninitialized urandom read (16 bytes read)
[    2.730117] sd 2:0:1:0: Attached scsi generic sg1 type 0
[    2.733223] random: systemd-udevd: uninitialized urandom read (16 bytes read)
[    2.739091] random: systemd-udevd: uninitialized urandom read (16 bytes read)
[    2.741971] sd 2:0:0:0: [sda] 20971520 512-byte logical blocks: (10.7 GB/10.0 GiB)
[    2.745589] sd 2:0:0:0: [sda] Write Protect is off
[    2.747827] sd 2:0:1:0: [sdb] 20480 512-byte logical blocks: (10.5 MB/10.0 MiB)
[    2.751560] sd 2:0:1:0: [sdb] Write Protect is off
[    2.754345] sd 2:0:0:0: [sda] Incomplete mode parameter data
[    2.756830] sd 2:0:0:0: [sda] Assuming drive cache: write through
[    2.759534] sd 2:0:1:0: [sdb] Incomplete mode parameter data
[    2.762055] sd 2:0:1:0: [sdb] Assuming drive cache: write through
[    2.767590]  sda: sda1
[    2.770963] sd 2:0:0:0: [sda] Attached SCSI disk
[    2.773617] sd 2:0:1:0: [sdb] Attached SCSI disk
[    2.888836] e1000 0000:00:03.0 eth0: (PCI:33MHz:32-bit) 02:b5:22:41:d5:db
[    2.899116] e1000 0000:00:03.0 eth0: Intel(R) PRO/1000 Network Connection
[    2.918260] e1000 0000:00:03.0 enp0s3: renamed from eth0
Begin: Loading essential drivers ... [    5.300062] raid6: sse2x1   gen()  5572 MB/s
[    5.348100] raid6: sse2x1   xor()  4896 MB/s
[    5.396421] raid6: sse2x2   gen()  4809 MB/s
[    5.456377] raid6: sse2x2   xor()  3330 MB/s
[    5.504173] raid6: sse2x4   gen()  5840 MB/s
[    5.552101] raid6: sse2x4   xor()  6697 MB/s
[    5.600473] raid6: avx2x1   gen() 11380 MB/s
[    5.648096] raid6: avx2x1   xor()  6337 MB/s
[    5.696078] raid6: avx2x2   gen() 15027 MB/s
[    5.744196] raid6: avx2x2   xor()  8249 MB/s
[    5.792141] raid6: avx2x4   gen() 14424 MB/s
[    5.840414] raid6: avx2x4   xor() 10274 MB/s
[    5.842093] raid6: using algorithm avx2x2 gen() 15027 MB/s
[    5.844249] raid6: .... xor() 8249 MB/s, rmw enabled
[    5.846344] raid6: using avx2x2 recovery algorithm
[    5.849869] xor: automatically using best checksumming function   avx       
[    5.854641] async_tx: api initialized (async)
done.
Begin: Running /scripts/init-premount ... done.
Begin: Mounting root file system ... Begin: Running /scripts/local-top ... done.
Begin: Running /scripts/local-premount ... [    5.943545] Btrfs loaded, crc32c=crc32c-intel
Scanning for Btrfs filesystems
done.
Warning: fsck not present, so skipping root file system
[    6.004507] EXT4-fs (sda1): mounted filesystem with ordered data mode. Opts: (null)
done.
Begin: Running /scripts/local-bottom ... done.
Begin: Running /scripts/init-bottom ... done.
[    6.923698] ip_tables: (C) 2000-2006 Netfilter Core Team
[    6.994636] systemd[1]: systemd 237 running in system mode. (+PAM +AUDIT +SELINUX +IMA +APPARMOR +SMACK +SYSVINIT +UTMP +LIBCRYPTSETUP +GCRYPT +GNUTLS +ACL +XZ +LZ4 +SECCOMP +BLKID +ELFUTILS +KMOD -IDN2 +IDN -PCRE2 default-hierarchy=hybrid)
[    7.024823] systemd[1]: Detected virtualization oracle.
[    7.028759] systemd[1]: Detected architecture x86-64.

Welcome to [1mUbuntu 18.04.5 LTS[0m!

[    7.055072] systemd[1]: Set hostname to <ubuntu>.
[    7.066732] systemd[1]: Initializing machine ID from random generator.
[    7.071346] systemd[1]: Installed transient /etc/machine-id file.
[    8.184459] random: crng init done
[    8.188319] random: 7 urandom warning(s) missed due to ratelimiting
[    8.432598] systemd[1]: Started Forward Password Requests to Wall Directory Watch.
[[0;32m  OK  [0m] Started Forward Password Requests to Wall Directory Watch.
[    8.440920] systemd[1]: Created slice System Slice.
[[0;32m  OK  [0m] Created slice System Slice.
[    8.443427] systemd[1]: Listening on Syslog Socket.
[[0;32m  OK  [0m] Listening on Syslog Socket.
[    8.446044] systemd[1]: Reached target User and Group Name Lookups.
[[0;32m  OK  [0m] Reached target User and Group Name Lookups.
[[0;32m  OK  [0m] Listening on Journal Socket (/dev/log).
[[0;32m  OK  [0m] Listening on Journal Socket.
         Starting Create list of required st…ce nodes for the current kernel...
         Starting Load Kernel Modules...
         Mounting POSIX Message Queue File System...
[[0;32m  OK  [0m] Listening on udev Control Socket.
[[0;32m  OK  [0m] Reached target Swap.
[[0;32m  OK  [0m] Reached target System Time Synchronized.
[[0;32m  OK  [0m] Listening on Device-mapper event daemon FIFOs.
[[0;32m  OK  [0m] Listening on Journal Audit Socket.
         Starting Set the console keyboard layout...
[[0;32m  OK  [0m] Listening on udev Kernel Socket.
[    8.482599] Loading iSCSI transport class v2.0-870.
         Starting udev Coldplug all Devices...
[    8.492670] iscsi: registered transport (tcp)
         Starting Uncomplicated firewall...
[[0;32m  OK  [0m] Created slice User and Session Slice.
[[0;32m  OK  [0m] Listening on LVM2 metadata daemon socket.
         Starting Journal Service...
         Mounting Huge Pages File System...
[[0;32m  OK  [0m] Listening on LVM2 poll daemon socket.
         Starting Monitoring of LVM2 mirrors…ng dmeventd or progress polling...
         Starting Remount Root and Kernel File Systems...
[[0;32m  OK  [0m] Set up automount Arbitrary Executab…rmats File System Automount Point.
[[0;32m  OK  [0m] Listening on /dev/initctl Compatibility Named Pipe.
[[0;32m  OK  [0m] Created slice system-serial\x2dgetty.slice.
         Mounting Kernel Debug File System...
[[0;32m  OK  [0m] Reached target Slices.
[[0;32m  OK  [0m] Listening on Network Service Netlink Socket.
[[0;32m  OK  [0m] Started Create list of required sta…vice nodes for the current kernel.
[[0;32m  OK  [0m] Mounted POSIX Message Queue File System.
[[0;32m  OK  [0m] Started Uncomplicated firewall.
[[0;32m  OK  [0m] Mounted Huge Pages File System.
[[0;32m  OK  [0m] Mounted Kernel Debug File System.
         Starting Create Static Device Nodes in /dev...
[    8.919029] EXT4-fs (sda1): re-mounted. Opts: (null)
[[0;32m  OK  [0m] Started Remount Root and Kernel File Systems.
         Starting Load/Save Random Seed...
[[0;32m  OK  [0m] Started Load/Save Random Seed.
[[0;32m  OK  [0m] Started Journal Service.
         Starting Flush Journal to Persistent Storage...
[[0;32m  OK  [0m] Started udev Coldplug all Devices.
[[0;32m  OK  [0m] Started Set the console keyboard layout.
[[0;32m  OK  [0m] Started Create Static Device Nodes in /dev.
         Starting udev Kernel Device Manager...
[    9.240438] systemd-journald[392]: Received request to flush runtime journal from PID 1
[    9.257020] iscsi: registered transport (iser)
[[0;32m  OK  [0m] Started Load Kernel Modules.
         Starting Apply Kernel Variables...
         Mounting FUSE Control File System...
         Mounting Kernel Configuration File System...
[[0;32m  OK  [0m] Mounted FUSE Control File System.
[[0;32m  OK  [0m] Started LVM2 metadata daemon.
[[0;32m  OK  [0m] Mounted Kernel Configuration File System.
[[0;32m  OK  [0m] Started udev Kernel Device Manager.
[[0;32m  OK  [0m] Started Dispatch Password Requests to Console Directory Watch.
[[0;32m  OK  [0m] Reached target Local Encrypted Volumes.
[[0;32m  OK  [0m] Started Flush Journal to Persistent Storage.
[[0;32m  OK  [0m] Started Monitoring of LVM2 mirrors,…sing dmeventd or progress polling.
[[0;32m  OK  [0m] Reached target Local File Systems (Pre).
[[0;32m  OK  [0m] Reached target Local File Systems.
         Starting Create Volatile Files and Directories...
         Starting Commit a transient machine-id on disk...
         Starting AppArmor initialization...
         Starting ebtables ruleset management...
         Starting Set console font and keymap...
         Starting Tell Plymouth To Write Out Runtime Data...
[[0;32m  OK  [0m] Started Apply Kernel Variables.
[[0;32m  OK  [0m] Started Create Volatile Files and Directories.
         Starting Update UTMP about System Boot/Shutdown...
[[0;32m  OK  [0m] Started Tell Plymouth To Write Out Runtime Data.
[[0;32m  OK  [0m] Started Set console font and keymap.
[[0;32m  OK  [0m] Started Update UTMP about System Boot/Shutdown.
[[0;32m  OK  [0m] Started Commit a transient machine-id on disk.
[[0;32m  OK  [0m] Started ebtables ruleset management.
[[0;32m  OK  [0m] Found device /dev/ttyS0.
[[0;32m  OK  [0m] Listening on Load/Save RF Kill Switch Status /dev/rfkill Watch.
[[0;32m  OK  [0m] Started AppArmor initialization.
         Starting Load AppArmor profiles managed internally by snapd...
         Starting Initial cloud-init job (pre-networking)...
[[0;32m  OK  [0m] Started Load AppArmor profiles managed internally by snapd.
[   19.677037] cloud-init[540]: Cloud-init v. 20.2-45-g5f7825e2-0ubuntu1~18.04.1 running 'init-local' at Tue, 18 Aug 2020 11:54:43 +0000. Up 18.27 seconds.
[[0;32m  OK  [0m] Started Initial cloud-init job (pre-networking).
[[0;32m  OK  [0m] Reached target Network (Pre).
         Starting Network Service...
[[0;32m  OK  [0m] Started Network Service.
         Starting Wait for Network to be Configured...
         Starting Network Name Resolution...
[[0;32m  OK  [0m] Started Network Name Resolution.
[[0;32m  OK  [0m] Reached target Host and Network Name Lookups.
[[0;32m  OK  [0m] Reached target Network.
[[0;32m  OK  [0m] Started Wait for Network to be Configured.
         Starting Initial cloud-init job (metadata service crawler)...
[   22.516183] cloud-init[645]: Cloud-init v. 20.2-45-g5f7825e2-0ubuntu1~18.04.1 running 'init' at Tue, 18 Aug 2020 11:54:47 +0000. Up 22.13 seconds.
[   22.519258] cloud-init[645]: ci-info: ++++++++++++++++++++++++++++++++++++++Net device info++++++++++++++++++++++++++++++++++++++
[   22.532917] cloud-init[645]: ci-info: +--------+------+----------------------------+---------------+--------+-------------------+
[   22.534539] cloud-init[645]: ci-info: | Device |  Up  |          Address           |      Mask     | Scope  |     Hw-Address    |
[   22.548257] cloud-init[645]: ci-info: +--------+------+----------------------------+---------------+--------+-------------------+
[   22.550508] cloud-init[645]: ci-info: | enp0s3 | True |         10.0.2.15          | 255.255.255.0 | global | 02:b5:22:41:d5:db |
[   22.564720] cloud-init[645]: ci-info: | enp0s3 | True | fe80::b5:22ff:fe41:d5db/64 |       .       |  link  | 02:b5:22:41:d5:db |
[   22.577011] cloud-init[645]: ci-info: |   lo   | True |         127.0.0.1          |   255.0.0.0   |  host  |         .         |
[   22.578934] cloud-init[645]: ci-info: |   lo   | True |          ::1/128           |       .       |  host  |         .         |
[   22.580691] cloud-init[645]: ci-info: +--------+------+----------------------------+---------------+--------+-------------------+
[   22.582486] cloud-init[645]: ci-info: ++++++++++++++++++++++++++++Route IPv4 info+++++++++++++++++++++++++++++
[   22.583816] cloud-init[645]: ci-info: +-------+-------------+----------+-----------------+-----------+-------+
[   22.585453] cloud-init[645]: ci-info: | Route | Destination | Gateway  |     Genmask     | Interface | Flags |
[   22.587243] cloud-init[645]: ci-info: +-------+-------------+----------+-----------------+-----------+-------+
[   22.588889] cloud-init[645]: ci-info: |   0   |   0.0.0.0   | 10.0.2.2 |     0.0.0.0     |   enp0s3  |   UG  |
[   22.600650] cloud-init[645]: ci-info: |   1   |   10.0.2.0  | 0.0.0.0  |  255.255.255.0  |   enp0s3  |   U   |
[   22.602242] cloud-init[645]: ci-info: |   2   |   10.0.2.2  | 0.0.0.0  | 255.255.255.255 |   enp0s3  |   UH  |
[   22.603991] cloud-init[645]: ci-info: +-------+-------------+----------+-----------------+-----------+-------+
[   22.605787] cloud-init[645]: ci-info: +++++++++++++++++++Route IPv6 info+++++++++++++++++++
[   22.607444] cloud-init[645]: ci-info: +-------+-------------+---------+-----------+-------+
[   22.608814] cloud-init[645]: ci-info: | Route | Destination | Gateway | Interface | Flags |
[   22.620869] cloud-init[645]: ci-info: +-------+-------------+---------+-----------+-------+
[   22.632238] cloud-init[645]: ci-info: |   1   |  fe80::/64  |    ::   |   enp0s3  |   U   |
[   22.633329] cloud-init[645]: ci-info: |   3   |    local    |    ::   |   enp0s3  |   U   |
[   22.645080] cloud-init[645]: ci-info: |   4   |   ff00::/8  |    ::   |   enp0s3  |   U   |
[   22.647427] cloud-init[645]: ci-info: +-------+-------------+---------+-----------+-------+
[   24.576000] cloud-init[645]: Generating public/private rsa key pair.
[   24.577416] cloud-init[645]: Your identification has been saved in /etc/ssh/ssh_host_rsa_key.
[   24.578696] cloud-init[645]: Your public key has been saved in /etc/ssh/ssh_host_rsa_key.pub.
[   24.580111] cloud-init[645]: The key fingerprint is:
[   24.580979] cloud-init[645]: SHA256:OCKFbtkO598/v0ywAD2379UWfj7yH0HqbCNul56oYA0 root@ubuntu-bionic
[   24.582352] cloud-init[645]: The key's randomart image is:
[   24.592668] cloud-init[645]: +---[RSA 2048]----+
[   24.593498] cloud-init[645]: |                 |
[   24.594238] cloud-init[645]: |   .   .         |
[   24.595012] cloud-init[645]: |  . . . o .    . |
[   24.596881] cloud-init[645]: | . +   o o .  o  |
[   24.598424] cloud-init[645]: |  * + oES o  . o |
[   24.600054] cloud-init[645]: | . * . .o. +o ..o|
[   24.601727] cloud-init[645]: |    o  o ...o=oo+|
[   24.603774] cloud-init[645]: |     .... o=+=o+o|
[   24.605946] cloud-init[645]: |      . .o+=B+o.=|
[   24.608171] cloud-init[645]: +----[SHA256]-----+
[   24.610350] cloud-init[645]: Generating public/private dsa key pair.
[   24.612588] cloud-init[645]: Your identification has been saved in /etc/ssh/ssh_host_dsa_key.
[   24.615517] cloud-init[645]: Your public key has been saved in /etc/ssh/ssh_host_dsa_key.pub.
[   24.617986] cloud-init[645]: The key fingerprint is:
[   24.619706] cloud-init[645]: SHA256:0Lavv1QpHlwmfBbXiuSDjiO+XZq8WAaLcZ0zf94DvRQ root@ubuntu-bionic
[   24.622435] cloud-init[645]: The key's randomart image is:
[   24.624974] cloud-init[645]: +---[DSA 1024]----+
[   24.626407] cloud-init[645]: |            . .. |
[   24.636890] cloud-init[645]: |       . .  .o  .|
[   24.648789] cloud-init[645]: |      . o o+=. . |
[   24.650875] cloud-init[645]: |       + +.*+.E  |
[   24.660468] cloud-init[645]: |    . o So+ oo . |
[   24.666139] cloud-init[645]: |     +.oo*.+. o  |
[   24.667361] cloud-init[645]: |    ....o.* .o . |
[   24.680938] cloud-init[645]: |      .* * o .o  |
[   24.682229] cloud-init[645]: |      o.Boo.. .. |
[   24.692622] cloud-init[645]: +----[SHA256]-----+
[   24.693862] cloud-init[645]: Generating public/private ecdsa key pair.
[   24.705420] cloud-init[645]: Your identification has been saved in /etc/ssh/ssh_host_ecdsa_key.
[   24.708695] cloud-init[645]: Your public key has been saved in /etc/ssh/ssh_host_ecdsa_key.pub.
[[0;32m  OK  [0m] Started Initial cloud-init job (metadata service crawler).
[[0;32m  OK  [0m] Reached target Network is Online.
[   24.716855] cloud-init[645]: The key fingerprint is:
[   24.732465] cloud-init[645]: SHA256:meFhwDva55Cf4v15WiS3x38m0eNIsrasYfKw2cLkI0g root@ubuntu-bionic
[[0;32m  OK  [0m] Reached target Remote File Systems (Pre).
[[0;32m  OK  [0m] Reached target Remote File Systems.
[   24.738888] cloud-init[645]: The key's randomart image is:
[   24.743812]          Starting Availability of block devices...
[[0;32m  OK  [0m] Reached target Cloud-config availability.
[cloud-init[645]: +---[ECDSA 256]---+
[   24.760830] cloud-init[645]: [0;32m  OK  [0m] Reached target System Initialization.
[[0;32m  OK  [0m] Started Message of the Day.
[[0;32m  OK  [0m] Started Discard unused blocks once a week.
[[0;32m  OK  [0m] Listening on ACPID Listen Socket.
|     ..          |
[   24.770620] cloud-init[645]: |      ..         |
[   24.771904] cloud-init[645]: |       .+        |         Starting LXD - unix socket.
[[0;32m  OK  [0m] Started Daily apt download activities.
[[0;32m  OK  [0m] Listening on D-Bus System Message Bus Socket.
[[0;32m  OK  [0m] Listening on UUID daemon activation socket.
[[0;32m  OK  [0m] Started Daily Cleanup of Temporary Directories.
[[0;32m  OK  [0m] Started Daily apt upgrade and clean activities.
         Starting Socket activation for snappy daemon.
[[0;32m  OK  [0m] Listening on Open-iSCSI iscsid Socket.
[[0;32m  OK  [0m] Reached target Timers.

[   24.782840] cloud-init[645]: |      oo =       |
[   24.785916] cloud-init[645]: |     o oS . o  . |
[   24.787196] [[0;32m  OK  [0m] Started ACPI Events Check.
[[0;32m  OK  [0m] Reached target Paths.
cloud-init[[0;32m  OK  [0m] Started Availability of block devices.
[[0;32m  OK  [0m] Listening on Socket activation for snappy daemon.
[645]: |   E. +..  = +...|
[   24.794305] cloud-init[645]: |  . . +B +  * =..|
[[0;32m  OK  [0m] Listening on LXD - unix socket.
[[0;32m  OK  [0m] Reached target Sockets.
[[0;32m  OK  [0m] Reached target Basic System.
[   24.801109] cloud-init[645]: |   . ..*% o=.o.oo|
[   24.812265]          cloud-initStarting Permit User Sessions...
[645]: |     .o++=*=.  oo|
[   24.824302] cloud-init[645]: +----[SHA256]-----+
[   24.837106] cloud-init[645]: Generating public/private ed25519 key pair.
[   24.838089] cloud-init[645]: Your identification has been saved in /etc/ssh/ssh_host_ed25519_key.
[   24.849217] cloud-init[645]: Your public key has been saved in /etc/ssh/ssh_host_ed25519_key.pub.
[   24.852025] cloud-init[645]: The key fingerprint is:
[[0;32m  OK  [0m] Started irqbalance daemon.
[   24.857540] cloud-init[645]: [[0;32m  OK  [0m] Started FUSE filesystem for LXC.
SHA256:KokR0QoYBKIwub3ZnBLQDPRcS/TZLgt0J7hzpLUbScc root@ubuntu-bionic
         Starting LXD - container startup/shutdown...
[   24.867022] [[0;32m  OK  [0m] Started D-Bus System Message Bus.
cloud-init[645]: The key's randomart image is:
[   24.873376] cloud-init[645]: +--[ED25519 256]--+
[   24.879596] cloud-init[645]: |%O...+           |
[   24.882123] cloud-init[645]: |O.=.+ + +        |
[   24.892458] cloud-init[645]: |.=.+ + O E       |
[   24.894134] cloud-init[645]: |. +.. B B        |
[   24.896558] cloud-init[645]: |  .* * *S.       |
[   24.898260] cloud-init[645]: |  +o+.+.=        |
[   24.899586] cloud-init[645]: |  ..o .o         |
[   24.900965] cloud-init[645]: |     .           |
[   24.902813] cloud-init[645]: |                 |
[   24.904213] cloud-init[645]: +----[SHA256]-----+
         Starting LSB: automatic crash report generation...
         Starting Virtualbox guest utils...
         Starting Pollinate to seed the pseudo random number generator...
         Starting Login Service...
         Starting System Logging Service...
         Starting Dispatcher daemon for systemd-networkd...
[[0;32m  OK  [0m] Started Regular background program processing daemon.
         Starting Accounts Service...
[[0;32m  OK  [0m] Started Deferred execution scheduler.
         Starting LSB: Record successful boot for GRUB...
         Starting Snap Daemon...
[[0;32m  OK  [0m] Started System Logging Service.
[[0;32m  OK  [0m] Started Permit User Sessions.
[[0;32m  OK  [0m] Started Login Service.
[[0;32m  OK  [0m] Started Unattended Upgrades Shutdown.
         Starting Terminate Plymouth Boot Screen...
         Starting Hold until boot process finishes up...
[[0;32m  OK  [0m] Started Hold until boot process finishes up.
         Starting Set console scheme...
[[0;32m  OK  [0m] Started Serial Getty on ttyS0.
[[0;32m  OK  [0m] Started Terminate Plymouth Boot Screen.
[[0;32m  OK  [0m] Started Set console scheme.
[[0;32m  OK  [0m] Created slice system-getty.slice.
[[0;32m  OK  [0m] Started Getty on tty1.
[[0;32m  OK  [0m] Reached target Login Prompts.
[[0;32m  OK  [0m] Started LSB: Record successful boot for GRUB.
[[0;32m  OK  [0m] Started LSB: automatic crash report generation.
         Starting Authorization Manager...
[[0;32m  OK  [0m] Started Virtualbox guest utils.
[[0;32m  OK  [0m] Started Authorization Manager.
[[0;32m  OK  [0m] Started Accounts Service.
[[0;32m  OK  [0m] Started LXD - container startup/shutdown.
[[0;32m  OK  [0m] Started Dispatcher daemon for systemd-networkd.
[[0;32m  OK  [0m] Started Snap Daemon.
         Starting Wait until snapd is fully seeded...

Ubuntu 18.04.5 LTS ubuntu-bionic ttyS0

ubuntu-bionic login: [   43.702149] cloud-init[1184]: Cloud-init v. 20.2-45-g5f7825e2-0ubuntu1~18.04.1 running 'modules:config' at Tue, 18 Aug 2020 11:55:06 +0000. Up 40.99 seconds.
ci-info: no authorized SSH keys fingerprints found for user ubuntu.
<14>Aug 18 11:55:10 ec2: 
<14>Aug 18 11:55:10 ec2: #############################################################
<14>Aug 18 11:55:10 ec2: -----BEGIN SSH HOST KEY FINGERPRINTS-----
<14>Aug 18 11:55:10 ec2: 1024 SHA256:0Lavv1QpHlwmfBbXiuSDjiO+XZq8WAaLcZ0zf94DvRQ root@ubuntu-bionic (DSA)
<14>Aug 18 11:55:10 ec2: 256 SHA256:meFhwDva55Cf4v15WiS3x38m0eNIsrasYfKw2cLkI0g root@ubuntu-bionic (ECDSA)
<14>Aug 18 11:55:10 ec2: 256 SHA256:KokR0QoYBKIwub3ZnBLQDPRcS/TZLgt0J7hzpLUbScc root@ubuntu-bionic (ED25519)
<14>Aug 18 11:55:10 ec2: 2048 SHA256:OCKFbtkO598/v0ywAD2379UWfj7yH0HqbCNul56oYA0 root@ubuntu-bionic (RSA)
<14>Aug 18 11:55:10 ec2: -----END SSH HOST KEY FINGERPRINTS-----
<14>Aug 18 11:55:10 ec2: #############################################################
-----BEGIN SSH HOST KEY KEYS-----
ecdsa-sha2-nistp256 AAAAE2VjZHNhLXNoYTItbmlzdHAyNTYAAAAIbmlzdHAyNTYAAABBBCIcuLK16sG7G3AtdyOXpccWt0nKDJ+g7+dTz2aH+jokul7Q/FsIwuGwhuwnj5tpfAzEmD8H/QtOPim4SoeAMzc= root@ubuntu-bionic
ssh-ed25519 AAAAC3NzaC1lZDI1NTE5AAAAIIQjzxcJTh2an/ReqxlJpFc1mtQhOO+v5Kfi90dkgKGy root@ubuntu-bionic
ssh-rsa AAAAB3NzaC1yc2EAAAADAQABAAABAQCqDYN2XYLA7V8qeRY28qu9B3/ucXAcmznxmj8dbqDbVfVEaE10St/81aKWfkC4sl1wzhwcIQTKD6hub0e7arPT7TZS1LRd4UMu/FhgzJTsb6I5ATb9/oIh8FBZDdjT40PE2HPL926waPJJ8kCKY9jdUmwuw/tKLAEf7x6CIYrkH2FnrLKn5N6KHfPDY94s7BceILwXl1++vlx+MH2nvRLnojQLwA/qfauDJIfBUFWQoWAwyVj/h3NwPYGbtjXRskOm9FTHo7c7T7cF9X9+UzMi6HdyajHMuHBFE+Lc8KTQpP1BliY7LtGSCNO99fv4M0M2v9PFuULORcJEp/8Zz2/h root@ubuntu-bionic
-----END SSH HOST KEY KEYS-----
[   45.611781] cloud-init[1221]: Cloud-init v. 20.2-45-g5f7825e2-0ubuntu1~18.04.1 running 'modules:final' at Tue, 18 Aug 2020 11:55:10 +0000. Up 45.11 seconds.
[   45.611962] cloud-init[1221]: ci-info: no authorized SSH keys fingerprints found for user ubuntu.
[   45.612528] cloud-init[1221]: Cloud-init v. 20.2-45-g5f7825e2-0ubuntu1~18.04.1 finished at Tue, 18 Aug 2020 11:55:10 +0000. Datasource DataSourceNoCloud [seed=/dev/sdb][dsmode=net].  Up 45.58 seconds
